<?xml version="1.0" encoding="UTF-8"?>
<!-- Generated by org.testng.reporters.JUnitXMLReporter -->
<testsuite hostname="Monica-Lenovo" ignored="0" name="Default test" tests="3" failures="0" timestamp="15 Jun 2018 17:54:03 GMT" time="88.451" errors="0">
  <testcase name="loginPageTitleTest" time="0.074" classname="com.crm.qa.testcases.LoginPageTest"/>
  <testcase name="crmLogoImageTest" time="0.869" classname="com.crm.qa.testcases.LoginPageTest"/>
  <testcase name="loginTest" time="0.964" classname="com.crm.qa.testcases.LoginPageTest"/>
</testsuite> <!-- Default test -->
