<?xml version="1.0" encoding="UTF-8" ?>
<testsuite tests="5" failures="2" name="TestSuite" time="111.962" errors="0" skipped="2">
  <properties>
[...]
</properties>
  <testcase classname="com.crm.qa.testcases.ContactsPageTest" name="setUp" time="37.287">
    <failure message="Unable to locate element: //a[contains(text(),&apos;Contacts&apos;)]
For documentation on this error, please visit: http://seleniumhq.org/exceptions/no_such_element.html
Build info: version: &apos;3.12.0&apos;, revision: &apos;7c6e0b3&apos;, time: &apos;2018-05-08T14:04:26.12Z&apos;
System info: host: &apos;MONICA-LENOVO&apos;, ip: &apos;192.168.0.108&apos;, os.name: &apos;Windows 10&apos;, os.arch: &apos;amd64&apos;, os.version: &apos;10.0&apos;, java.version: &apos;1.8.0_161&apos;
Driver info: org.openqa.selenium.firefox.FirefoxDriver
Capabilities {acceptInsecureCerts: true, browserName: firefox, browserVersion: 60.0.2, javascriptEnabled: true, moz:accessibilityChecks: false, moz:headless: false, moz:processID: 10912, moz:profile: C:\Users\kirti\AppData\Loca..., moz:useNonSpecCompliantPointerOrigin: false, moz:webdriverClick: true, pageLoadStrategy: normal, platform: XP, platformName: XP, platformVersion: 10.0, rotatable: false, timeouts: {implicit: 0, pageLoad: 300000, script: 30000}}
Session ID: 5da15255-5d98-4c9d-a376-ca1e40be8eae
*** Element info: {Using=xpath, value=//a[contains(text(),&apos;Contacts&apos;)]}" type="org.openqa.selenium.NoSuchElementException">org.openqa.selenium.NoSuchElementException: Unable to locate element: //a[contains(text(),&apos;Contacts&apos;)]
For documentation on this error, please visit: http://seleniumhq.org/exceptions/no_such_element.html
Build info: version: &apos;3.12.0&apos;, revision: &apos;7c6e0b3&apos;, time: &apos;2018-05-08T14:04:26.12Z&apos;
System info: host: &apos;MONICA-LENOVO&apos;, ip: &apos;192.168.0.108&apos;, os.name: &apos;Windows 10&apos;, os.arch: &apos;amd64&apos;, os.version: &apos;10.0&apos;, java.version: &apos;1.8.0_161&apos;
Driver info: org.openqa.selenium.firefox.FirefoxDriver
Capabilities {acceptInsecureCerts: true, browserName: firefox, browserVersion: 60.0.2, javascriptEnabled: true, moz:accessibilityChecks: false, moz:headless: false, moz:processID: 10912, moz:profile: C:\Users\kirti\AppData\Loca..., moz:useNonSpecCompliantPointerOrigin: false, moz:webdriverClick: true, pageLoadStrategy: normal, platform: XP, platformName: XP, platformVersion: 10.0, rotatable: false, timeouts: {implicit: 0, pageLoad: 300000, script: 30000}}
Session ID: 5da15255-5d98-4c9d-a376-ca1e40be8eae
*** Element info: {Using=xpath, value=//a[contains(text(),&apos;Contacts&apos;)]}
	at sun.reflect.NativeConstructorAccessorImpl.newInstance0(Native Method)
	at sun.reflect.NativeConstructorAccessorImpl.newInstance(NativeConstructorAccessorImpl.java:62)
	at sun.reflect.DelegatingConstructorAccessorImpl.newInstance(DelegatingConstructorAccessorImpl.java:45)
	at java.lang.reflect.Constructor.newInstance(Constructor.java:423)
	at org.openqa.selenium.remote.http.W3CHttpResponseCodec.createException(W3CHttpResponseCodec.java:187)
	at org.openqa.selenium.remote.http.W3CHttpResponseCodec.decode(W3CHttpResponseCodec.java:122)
	at org.openqa.selenium.remote.http.W3CHttpResponseCodec.decode(W3CHttpResponseCodec.java:49)
	at org.openqa.selenium.remote.HttpCommandExecutor.execute(HttpCommandExecutor.java:158)
	at org.openqa.selenium.remote.service.DriverCommandExecutor.execute(DriverCommandExecutor.java:83)
	at org.openqa.selenium.remote.RemoteWebDriver.execute(RemoteWebDriver.java:543)
	at org.openqa.selenium.remote.RemoteWebDriver.findElement(RemoteWebDriver.java:317)
	at org.openqa.selenium.remote.RemoteWebDriver.findElementByXPath(RemoteWebDriver.java:419)
	at org.openqa.selenium.By$ByXPath.findElement(By.java:353)
	at org.openqa.selenium.remote.RemoteWebDriver.findElement(RemoteWebDriver.java:309)
	at sun.reflect.NativeMethodAccessorImpl.invoke0(Native Method)
	at sun.reflect.NativeMethodAccessorImpl.invoke(NativeMethodAccessorImpl.java:62)
	at sun.reflect.DelegatingMethodAccessorImpl.invoke(DelegatingMethodAccessorImpl.java:43)
	at java.lang.reflect.Method.invoke(Method.java:498)
	at org.openqa.selenium.support.events.EventFiringWebDriver.lambda$new$1(EventFiringWebDriver.java:103)
	at com.sun.proxy.$Proxy6.findElement(Unknown Source)
	at org.openqa.selenium.support.events.EventFiringWebDriver.findElement(EventFiringWebDriver.java:186)
	at org.openqa.selenium.support.pagefactory.DefaultElementLocator.findElement(DefaultElementLocator.java:69)
	at org.openqa.selenium.support.pagefactory.internal.LocatingElementHandler.invoke(LocatingElementHandler.java:38)
	at com.sun.proxy.$Proxy10.click(Unknown Source)
	at com.crm.qa.pages.HomePage.clickContactsLink(HomePage.java:56)
	at com.crm.qa.testcases.ContactsPageTest.setUp(ContactsPageTest.java:39)
</failure>
    <system-out>Configuring TestNG with: org.apache.maven.surefire.testng.conf.TestNG652Configurator@1c6b6478
F:\2 Study Material\1 Software Testing\4 Automation Testing\Selenium\1 Selenium Project\FreeCRMMavenTestNGPageFact
\lib\geckodriver\geckodriver.exe
Launching Firefox browser..
Before navigating to : &apos;https://www.freecrm.com/&apos;
After naigating to : &apos;https://www.freecrm.com/&apos;
Trying to find Element By : By.name: username
Found Element By : By.name: username
Value of the : [[FirefoxDriver: firefox on XP (5da15255-5d98-4c9d-a376-ca1e40be8eae)] -&gt; name: username]before any changes made
Element value changed to : [[FirefoxDriver: firefox on XP (5da15255-5d98-4c9d-a376-ca1e40be8eae)] -&gt; name: username]
Trying to find Element By : By.name: password
Found Element By : By.name: password
Value of the : [[FirefoxDriver: firefox on XP (5da15255-5d98-4c9d-a376-ca1e40be8eae)] -&gt; name: password]before any changes made
Element value changed to : [[FirefoxDriver: firefox on XP (5da15255-5d98-4c9d-a376-ca1e40be8eae)] -&gt; name: password]
Trying to find Element By : By.xpath: //a[contains(text(),&apos;Contacts&apos;)]
Exception occurerd :org.openqa.selenium.NoSuchElementException: Unable to locate element: //a[contains(text(),&apos;Contacts&apos;)]
For documentation on this error, please visit: http://seleniumhq.org/exceptions/no_such_element.html
Build info: version: &apos;3.12.0&apos;, revision: &apos;7c6e0b3&apos;, time: &apos;2018-05-08T14:04:26.12Z&apos;
System info: host: &apos;MONICA-LENOVO&apos;, ip: &apos;192.168.0.108&apos;, os.name: &apos;Windows 10&apos;, os.arch: &apos;amd64&apos;, os.version: &apos;10.0&apos;, java.version: &apos;1.8.0_161&apos;
Driver info: org.openqa.selenium.firefox.FirefoxDriver
Capabilities {acceptInsecureCerts: true, browserName: firefox, browserVersion: 60.0.2, javascriptEnabled: true, moz:accessibilityChecks: false, moz:headless: false, moz:processID: 10912, moz:profile: C:\Users\kirti\AppData\Loca..., moz:useNonSpecCompliantPointerOrigin: false, moz:webdriverClick: true, pageLoadStrategy: normal, platform: XP, platformName: XP, platformVersion: 10.0, rotatable: false, timeouts: {implicit: 0, pageLoad: 300000, script: 30000}}
Session ID: 5da15255-5d98-4c9d-a376-ca1e40be8eae
*** Element info: {Using=xpath, value=//a[contains(text(),&apos;Contacts&apos;)]}
Going to take screenshot : OutputType.FILE
Screenshot is being taen for : OutputType.FILE
</system-out>
    <system-err>1529258318217	geckodriver	INFO	geckodriver 0.20.1
1529258318244	geckodriver	INFO	Listening on 127.0.0.1:6506
1529258319400	mozrunner::runner	INFO	Running command: &quot;C:\\Program Files (x86)\\Mozilla Firefox\\firefox.exe&quot; &quot;-marionette&quot; &quot;-profile&quot; &quot;C:\\Users\\kirti\\AppData\\Local\\Temp\\rust_mozprofile.EsCYH01qFDPH&quot;
Unable to read VR Path Registry from C:\Users\kirti\AppData\Local\openvr\openvrpaths.vrpath
Unable to read VR Path Registry from C:\Users\kirti\AppData\Local\openvr\openvrpaths.vrpath
Unable to read VR Path Registry from C:\Users\kirti\AppData\Local\openvr\openvrpaths.vrpath
Unable to read VR Path Registry from C:\Users\kirti\AppData\Local\openvr\openvrpaths.vrpath
Unable to read VR Path Registry from C:\Users\kirti\AppData\Local\openvr\openvrpaths.vrpath
1529258327502	Marionette	INFO	Listening on port 54595
1529258328033	Marionette	WARN	TLS certificate errors will be ignored for this session
Jun 17, 2018 11:28:48 PM org.openqa.selenium.remote.ProtocolHandshake createSession
INFO: Detected dialect: W3C
</system-err>
  </testcase>
  <testcase classname="com.crm.qa.testcases.ContactsPageTest" name="verifyContactsPageLabel" time="37.303">
    <skipped/>
  </testcase>
  <testcase classname="com.crm.qa.testcases.ContactsPageTest" name="teardown" time="37.303">
    <skipped/>
  </testcase>
  <testcase classname="com.crm.qa.testcases.HomePageTest" name="verifyHomePageTitleTest" time="0.025">
    <failure message="Home Page title does not match expected [CRMPRO] but found [Free CRM software in the cloud powers sales and customer service]" type="java.lang.AssertionError">java.lang.AssertionError: Home Page title does not match expected [CRMPRO] but found [Free CRM software in the cloud powers sales and customer service]
	at org.testng.Assert.fail(Assert.java:96)
	at org.testng.Assert.failNotEquals(Assert.java:776)
	at org.testng.Assert.assertEqualsImpl(Assert.java:137)
	at org.testng.Assert.assertEquals(Assert.java:118)
	at org.testng.Assert.assertEquals(Assert.java:453)
	at com.crm.qa.testcases.HomePageTest.verifyHomePageTitleTest(HomePageTest.java:52)
</failure>
    <system-out>F:\2 Study Material\1 Software Testing\4 Automation Testing\Selenium\1 Selenium Project\FreeCRMMavenTestNGPageFact
\lib\geckodriver\geckodriver.exe
Launching Firefox browser..
Before navigating to : &apos;https://www.freecrm.com/&apos;
After naigating to : &apos;https://www.freecrm.com/&apos;
Trying to find Element By : By.name: username
Found Element By : By.name: username
Value of the : [[FirefoxDriver: firefox on XP (7bda1e91-8b92-4727-8c13-4ca0024190f0)] -&gt; name: username]before any changes made
Element value changed to : [[FirefoxDriver: firefox on XP (7bda1e91-8b92-4727-8c13-4ca0024190f0)] -&gt; name: username]
Trying to find Element By : By.name: password
Found Element By : By.name: password
Value of the : [[FirefoxDriver: firefox on XP (7bda1e91-8b92-4727-8c13-4ca0024190f0)] -&gt; name: password]before any changes made
Element value changed to : [[FirefoxDriver: firefox on XP (7bda1e91-8b92-4727-8c13-4ca0024190f0)] -&gt; name: password]
User is being Logged in
</system-out>
    <system-err>1529258351252	geckodriver	INFO	geckodriver 0.20.1
1529258351304	geckodriver	INFO	Listening on 127.0.0.1:20722
1529258351694	mozrunner::runner	INFO	Running command: &quot;C:\\Program Files (x86)\\Mozilla Firefox\\firefox.exe&quot; &quot;-marionette&quot; &quot;-profile&quot; &quot;C:\\Users\\kirti\\AppData\\Local\\Temp\\rust_mozprofile.A6EElZKFrd4R&quot;
Unable to read VR Path Registry from C:\Users\kirti\AppData\Local\openvr\openvrpaths.vrpath
Unable to read VR Path Registry from C:\Users\kirti\AppData\Local\openvr\openvrpaths.vrpath
Unable to read VR Path Registry from C:\Users\kirti\AppData\Local\openvr\openvrpaths.vrpath
Unable to read VR Path Registry from C:\Users\kirti\AppData\Local\openvr\openvrpaths.vrpath
1529258362819	Marionette	INFO	Listening on port 54667
1529258363561	Marionette	WARN	TLS certificate errors will be ignored for this session
Jun 17, 2018 11:29:23 PM org.openqa.selenium.remote.ProtocolHandshake createSession
INFO: Detected dialect: W3C
Unable to read VR Path Registry from C:\Users\kirti\AppData\Local\openvr\openvrpaths.vrpath
</system-err>
  </testcase>
  <testcase classname="com.crm.qa.testcases.LoginPageTest" name="loginPageTitleTest" time="0.044"/>
</testsuite>