<?xml version="1.0" encoding="UTF-8" ?>
<testsuite tests="5" failures="2" name="TestSuite" time="58.275" errors="0" skipped="2">
  <properties>
[...]
</properties>
  <testcase classname="com.crm.qa.testcases.ContactsPageTest" name="setUp" time="19.387">
    <failure message="Failed to decode response from marionette
Build info: version: &apos;3.12.0&apos;, revision: &apos;7c6e0b3&apos;, time: &apos;2018-05-08T14:04:26.12Z&apos;
System info: host: &apos;MONICA-LENOVO&apos;, ip: &apos;192.168.1.102&apos;, os.name: &apos;Windows 10&apos;, os.arch: &apos;amd64&apos;, os.version: &apos;10.0&apos;, java.version: &apos;1.8.0_161&apos;
Driver info: driver.version: FirefoxDriver
remote stacktrace: " type="org.openqa.selenium.WebDriverException">org.openqa.selenium.WebDriverException: Failed to decode response from marionette
Build info: version: &apos;3.12.0&apos;, revision: &apos;7c6e0b3&apos;, time: &apos;2018-05-08T14:04:26.12Z&apos;
System info: host: &apos;MONICA-LENOVO&apos;, ip: &apos;192.168.1.102&apos;, os.name: &apos;Windows 10&apos;, os.arch: &apos;amd64&apos;, os.version: &apos;10.0&apos;, java.version: &apos;1.8.0_161&apos;
Driver info: driver.version: FirefoxDriver
remote stacktrace: 
	at sun.reflect.NativeConstructorAccessorImpl.newInstance0(Native Method)
	at sun.reflect.NativeConstructorAccessorImpl.newInstance(NativeConstructorAccessorImpl.java:62)
	at sun.reflect.DelegatingConstructorAccessorImpl.newInstance(DelegatingConstructorAccessorImpl.java:45)
	at java.lang.reflect.Constructor.newInstance(Constructor.java:423)
	at org.openqa.selenium.remote.W3CHandshakeResponse.lambda$new$0(W3CHandshakeResponse.java:57)
	at org.openqa.selenium.remote.W3CHandshakeResponse.lambda$getResponseFunction$2(W3CHandshakeResponse.java:104)
	at org.openqa.selenium.remote.ProtocolHandshake.lambda$createSession$0(ProtocolHandshake.java:123)
	at java.util.stream.ReferencePipeline$3$1.accept(ReferencePipeline.java:193)
	at java.util.Spliterators$ArraySpliterator.tryAdvance(Spliterators.java:958)
	at java.util.stream.ReferencePipeline.forEachWithCancel(ReferencePipeline.java:126)
	at java.util.stream.AbstractPipeline.copyIntoWithCancel(AbstractPipeline.java:498)
	at java.util.stream.AbstractPipeline.copyInto(AbstractPipeline.java:485)
	at java.util.stream.AbstractPipeline.wrapAndCopyInto(AbstractPipeline.java:471)
	at java.util.stream.FindOps$FindOp.evaluateSequential(FindOps.java:152)
	at java.util.stream.AbstractPipeline.evaluate(AbstractPipeline.java:234)
	at java.util.stream.ReferencePipeline.findFirst(ReferencePipeline.java:464)
	at org.openqa.selenium.remote.ProtocolHandshake.createSession(ProtocolHandshake.java:126)
	at org.openqa.selenium.remote.ProtocolHandshake.createSession(ProtocolHandshake.java:73)
	at org.openqa.selenium.remote.HttpCommandExecutor.execute(HttpCommandExecutor.java:136)
	at org.openqa.selenium.remote.service.DriverCommandExecutor.execute(DriverCommandExecutor.java:83)
	at org.openqa.selenium.remote.RemoteWebDriver.execute(RemoteWebDriver.java:543)
	at org.openqa.selenium.remote.RemoteWebDriver.startSession(RemoteWebDriver.java:207)
	at org.openqa.selenium.remote.RemoteWebDriver.&lt;init&gt;(RemoteWebDriver.java:130)
	at org.openqa.selenium.firefox.FirefoxDriver.&lt;init&gt;(FirefoxDriver.java:125)
	at org.openqa.selenium.firefox.FirefoxDriver.&lt;init&gt;(FirefoxDriver.java:103)
	at com.crm.qa.base.TestBase.initFirefoxDriver(TestBase.java:86)
	at com.crm.qa.base.TestBase.initialization(TestBase.java:69)
	at com.crm.qa.testcases.ContactsPageTest.setUp(ContactsPageTest.java:30)
</failure>
    <system-out>Configuring TestNG with: org.apache.maven.surefire.testng.conf.TestNG652Configurator@1c6b6478
F:\2 Study Material\1 Software Testing\4 Automation Testing\Selenium\1 Selenium Project\FreeCRMMavenTestNGPageFact
\lib\geckodriver\geckodriver.exe
Launching Firefox browser..
</system-out>
    <system-err>1529085334062	geckodriver	INFO	geckodriver 0.20.1
1529085334098	geckodriver	INFO	Listening on 127.0.0.1:21127
1529085335415	mozrunner::runner	INFO	Running command: &quot;C:\\Program Files (x86)\\Mozilla Firefox\\firefox.exe&quot; &quot;-marionette&quot; &quot;-profile&quot; &quot;C:\\Users\\kirti\\AppData\\Local\\Temp\\rust_mozprofile.eYAmwPiIC92m&quot;
Unable to read VR Path Registry from C:\Users\kirti\AppData\Local\openvr\openvrpaths.vrpath
Unable to read VR Path Registry from C:\Users\kirti\AppData\Local\openvr\openvrpaths.vrpath
Unable to read VR Path Registry from C:\Users\kirti\AppData\Local\openvr\openvrpaths.vrpath
Unable to read VR Path Registry from C:\Users\kirti\AppData\Local\openvr\openvrpaths.vrpath
Unable to read VR Path Registry from C:\Users\kirti\AppData\Local\openvr\openvrpaths.vrpath
1529085343245	Marionette	INFO	Listening on port 53503
1529085343295	Marionette	WARN	TLS certificate errors will be ignored for this session
1529085344144	addons.xpi	WARN	Exception running bootstrap method shutdown on activity-stream@mozilla.org: [Exception... &quot;Component returned failure code: 0x80004005 (NS_ERROR_FAILURE) [nsIObserverService.removeObserver]&quot;  nsresult: &quot;0x80004005 (NS_ERROR_FAILURE)&quot;  location: &quot;JS frame :: resource://activity-stream/lib/SnippetsFeed.jsm :: uninit :: line 185&quot;  data: no] Stack trace: uninit()@resource://activity-stream/lib/SnippetsFeed.jsm:185
onAction()@resource://activity-stream/lib/SnippetsFeed.js[Parent 7524m:, Gecko_IOThread] WARNING: pipe error: 109: file z:/build/build/src/ipc/chromium/src/chrome/common/ipc_channel_win.cc, line 346
201
_middleware/&lt;/&lt;()@resource://activity-stream/lib/Store.jsm:49
Store/this[method]()@resource://activity-st[Child 3112, Chrome_ChildThread] WARNING: pipe error: 109: file z:/build/build/src/ipc/chromiurm/sream/lc/chrome/common/ipc_channel_win.cci, line 346
[Childb 3112, C/Stohrome_ChildThread] WArRNINe.jsm:2G: pipe error: 109: file z:/build/build/src/ipc/chromium/src/chrome/common/ipc_channel_win.cc, line 346
8
uninit()@resource://activity-stream/lib/Store.jsm:151
uninit()@resource://activity-stream/lib/ActivityStream.jsm:300
uninit()@resource://gre/modules/addons/XPIProvider.jsm -&gt; jar:file:///C:/Program%20Files%20(x86)/Mozilla%20Firefox/browser/features/activity-stream@mozilla.org.xpi!/bootstrap.js:73
shutdown()@resource://gre/modules/addons/XPIProvider.jsm -&gt; jar:file:///C:/Program%20Files%20(x86)/Mozilla%20Firefox/browser/features/activity-stream@mozilla.org.xpi!/bootstrap.js:169
callBootstrapMethod()@resource://gre/modules/addons/XPIProvider.jsm:4436
observe()@resource://gre/modules/addons/XPIProvider.jsm:2287
[Child 11608, Chrome_ChildThread] WARNING: pipe error: 109: file z:/build/build/src/ipc/chromium/src/chrome/common/ipc_channel_win.cc, line 346
[Child 11608, Chrome_ChildThread] WARNING: pipe error: 109: file z:/build/build/src/ipc/chromium/src/chrome/common/ipc_channel_win.cc, line 346
console.error: (new Error(&quot;Connection closed before committing the transaction.&quot;, &quot;resource://gre/modules/Sqlite.jsm&quot;, 614))
*** UTM:SVC TimerManager:registerTimer called after profile-before-change notification. Ignoring timer registration for id: telemetry_modules_ping
JavaScript error: resource://gre/modules/osfile/osfile_async_front.jsm, line 408: Error: OS.File has been shut down. Rejecting post to DirectoryIterator_prototype_close
JavaScript error: resource://gre/modules/osfile/osfile_async_front.jsm, line 408: Error: OS.File has been shut down. Rejecting post to DirectoryIterator_prototype_close
JavaScript error: resource://gre/modules/ProfileAge.jsm, line 174: Error: Unable to fetch oldest profile entry: Error: OS.File has been shut down. Rejecting post to DirectoryIterator_prototype_next
JavaScript error: resource://gre/modules/ProfileAge.jsm, line 174: Error: Unable to fetch oldest profile entry: Error: OS.File has been shut down. Rejecting request to DirectoryIterator_prototype_next

###!!! [Child][MessageChannel::SendAndWait] Error: Channel error: cannot send/recv

</system-err>
  </testcase>
  <testcase classname="com.crm.qa.testcases.ContactsPageTest" name="verifyContactsPageLabel" time="19.399">
    <skipped/>
  </testcase>
  <testcase classname="com.crm.qa.testcases.ContactsPageTest" name="teardown" time="19.399">
    <skipped/>
  </testcase>
  <testcase classname="com.crm.qa.testcases.HomePageTest" name="verifyHomePageTitleTest" time="0.052">
    <failure message="Home Page title does not match expected [CRMPRO] but found [Free CRM software in the cloud powers sales and customer service]" type="java.lang.AssertionError">java.lang.AssertionError: Home Page title does not match expected [CRMPRO] but found [Free CRM software in the cloud powers sales and customer service]
	at org.testng.Assert.fail(Assert.java:96)
	at org.testng.Assert.failNotEquals(Assert.java:776)
	at org.testng.Assert.assertEqualsImpl(Assert.java:137)
	at org.testng.Assert.assertEquals(Assert.java:118)
	at org.testng.Assert.assertEquals(Assert.java:453)
	at com.crm.qa.testcases.HomePageTest.verifyHomePageTitleTest(HomePageTest.java:51)
</failure>
    <system-out>F:\2 Study Material\1 Software Testing\4 Automation Testing\Selenium\1 Selenium Project\FreeCRMMavenTestNGPageFact
\lib\geckodriver\geckodriver.exe
Launching Firefox browser..
Before navigating to : &apos;https://www.freecrm.com/&apos;
After naigating to : &apos;https://www.freecrm.com/&apos;
Trying to find Element By : By.name: username
Found Element By : By.name: username
Value of the : [[FirefoxDriver: firefox on XP (2d9700f4-56ad-4131-8fe6-1a4989252d5d)] -&gt; name: username]before any changes made
Element value changed to : [[FirefoxDriver: firefox on XP (2d9700f4-56ad-4131-8fe6-1a4989252d5d)] -&gt; name: username]
Trying to find Element By : By.name: password
Found Element By : By.name: password
Value of the : [[FirefoxDriver: firefox on XP (2d9700f4-56ad-4131-8fe6-1a4989252d5d)] -&gt; name: password]before any changes made
Element value changed to : [[FirefoxDriver: firefox on XP (2d9700f4-56ad-4131-8fe6-1a4989252d5d)] -&gt; name: password]
</system-out>
    <system-err>1529085349866	geckodriver	INFO	geckodriver 0.20.1
1529085349895	geckodriver	INFO	Listening on 127.0.0.1:33813
1529085350300	mozrunner::runner	INFO	Running command: &quot;C:\\Program Files (x86)\\Mozilla Firefox\\firefox.exe&quot; &quot;-marionette&quot; &quot;-profile&quot; &quot;C:\\Users\\kirti\\AppData\\Local\\Temp\\rust_mozprofile.l8e7hjMoJfHk&quot;
Unable to read VR Path Registry from C:\Users\kirti\AppData\Local\openvr\openvrpaths.vrpath
Unable to read VR Path Registry from C:\Users\kirti\AppData\Local\openvr\openvrpaths.vrpath
Unable to read VR Path Registry from C:\Users\kirti\AppData\Local\openvr\openvrpaths.vrpath
Unable to read VR Path Registry from C:\Users\kirti\AppData\Local\openvr\openvrpaths.vrpath
Unable to read VR Path Registry from C:\Users\kirti\AppData\Local\openvr\openvrpaths.vrpath
1529085357544	Marionette	INFO	Listening on port 53525
1529085358060	Marionette	WARN	TLS certificate errors will be ignored for this session
Jun 15, 2018 11:25:58 PM org.openqa.selenium.remote.ProtocolHandshake createSession
INFO: Detected dialect: W3C
</system-err>
  </testcase>
  <testcase classname="com.crm.qa.testcases.LoginPageTest" name="loginPageTitleTest" time="0.038"/>
</testsuite>