<?xml version="1.0" encoding="UTF-8"?>
<testng-results skipped="0" failed="0" ignored="0" total="3" passed="3">
  <reporter-output>
  </reporter-output>
  <suite name="Default suite" duration-ms="88451" started-at="2018-06-15T17:52:35Z" finished-at="2018-06-15T17:54:03Z">
    <groups>
    </groups>
    <test name="Default test" duration-ms="88451" started-at="2018-06-15T17:52:35Z" finished-at="2018-06-15T17:54:03Z">
      <class name="com.crm.qa.testcases.LoginPageTest">
        <test-method status="PASS" signature="setUp()[pri:0, instance:com.crm.qa.testcases.LoginPageTest@612679d6]" name="setUp" is-config="true" duration-ms="28713" started-at="2018-06-15T17:52:35Z" finished-at="2018-06-15T17:53:04Z">
          <reporter-output>
          </reporter-output>
        </test-method> <!-- setUp -->
        <test-method status="PASS" signature="loginPageTitleTest()[pri:1, instance:com.crm.qa.testcases.LoginPageTest@612679d6]" name="loginPageTitleTest" duration-ms="74" started-at="2018-06-15T17:53:04Z" finished-at="2018-06-15T17:53:04Z">
          <reporter-output>
          </reporter-output>
        </test-method> <!-- loginPageTitleTest -->
        <test-method status="PASS" signature="teardown()[pri:0, instance:com.crm.qa.testcases.LoginPageTest@612679d6]" name="teardown" is-config="true" duration-ms="4083" started-at="2018-06-15T17:53:04Z" finished-at="2018-06-15T17:53:08Z">
          <reporter-output>
          </reporter-output>
        </test-method> <!-- teardown -->
        <test-method status="PASS" signature="setUp()[pri:0, instance:com.crm.qa.testcases.LoginPageTest@612679d6]" name="setUp" is-config="true" duration-ms="21636" started-at="2018-06-15T17:53:08Z" finished-at="2018-06-15T17:53:29Z">
          <reporter-output>
          </reporter-output>
        </test-method> <!-- setUp -->
        <test-method status="PASS" signature="crmLogoImageTest()[pri:2, instance:com.crm.qa.testcases.LoginPageTest@612679d6]" name="crmLogoImageTest" duration-ms="869" started-at="2018-06-15T17:53:29Z" finished-at="2018-06-15T17:53:30Z">
          <reporter-output>
          </reporter-output>
        </test-method> <!-- crmLogoImageTest -->
        <test-method status="PASS" signature="teardown()[pri:0, instance:com.crm.qa.testcases.LoginPageTest@612679d6]" name="teardown" is-config="true" duration-ms="3400" started-at="2018-06-15T17:53:30Z" finished-at="2018-06-15T17:53:34Z">
          <reporter-output>
          </reporter-output>
        </test-method> <!-- teardown -->
        <test-method status="PASS" signature="setUp()[pri:0, instance:com.crm.qa.testcases.LoginPageTest@612679d6]" name="setUp" is-config="true" duration-ms="25135" started-at="2018-06-15T17:53:34Z" finished-at="2018-06-15T17:53:59Z">
          <reporter-output>
          </reporter-output>
        </test-method> <!-- setUp -->
        <test-method status="PASS" signature="loginTest()[pri:3, instance:com.crm.qa.testcases.LoginPageTest@612679d6]" name="loginTest" duration-ms="964" started-at="2018-06-15T17:53:59Z" finished-at="2018-06-15T17:54:00Z">
          <reporter-output>
          </reporter-output>
        </test-method> <!-- loginTest -->
        <test-method status="PASS" signature="teardown()[pri:0, instance:com.crm.qa.testcases.LoginPageTest@612679d6]" name="teardown" is-config="true" duration-ms="3472" started-at="2018-06-15T17:54:00Z" finished-at="2018-06-15T17:54:03Z">
          <reporter-output>
          </reporter-output>
        </test-method> <!-- teardown -->
      </class> <!-- com.crm.qa.testcases.LoginPageTest -->
    </test> <!-- Default test -->
  </suite> <!-- Default suite -->
</testng-results>
